# JRE version: OpenJDK Runtime Environment 18.9 (11.0.9+11) (build 11.0.9+11)
# Java VM: OpenJDK 64-Bit Server VM 18.9 (11.0.9+11, mixed mode, sharing, tiered, compressed oops, g1 gc, linux-amd64)
Heap:
 garbage-first heap   total 264192K, used 175816K [0x00000000e0000000, 0x0000000100000000)
  region size 1024K, 113 young (115712K), 15 survivors (15360K)
 Metaspace       used 58064K, capacity 59929K, committed 60080K, reserved 307200K
  class space    used 7672K, capacity 8376K, committed 8448K, reserved 253952K
GC Heap History (20 events):
Event: 1,255 GC heap before
{Heap before GC invocations=2 (full 0):
 garbage-first heap   total 264192K, used 34344K [0x00000000e0000000, 0x0000000100000000)
  region size 1024K, 27 young (27648K), 1 survivors (1024K)
 Metaspace       used 4417K, capacity 6937K, committed 7040K, reserved 262144K
  class space    used 581K, capacity 844K, committed 896K, reserved 253952K
}
Event: 1,263 GC heap after
{Heap after GC invocations=3 (full 0):
 garbage-first heap   total 264192K, used 13370K [0x00000000e0000000, 0x0000000100000000)
  region size 1024K, 4 young (4096K), 4 survivors (4096K)
 Metaspace       used 4417K, capacity 6937K, committed 7040K, reserved 262144K
  class space    used 581K, capacity 844K, committed 896K, reserved 253952K
}
Event: 2,349 GC heap before
{Heap before GC invocations=3 (full 0):
 garbage-first heap   total 264192K, used 51258K [0x00000000e0000000, 0x0000000100000000)
  region size 1024K, 41 young (41984K), 4 survivors (4096K)
 Metaspace       used 12064K, capacity 12506K, committed 12800K, reserved 266240K
  class space    used 1608K, capacity 1751K, committed 1792K, reserved 253952K
}
Event: 2,358 GC heap after
{Heap after GC invocations=4 (full 0):
 garbage-first heap   total 264192K, used 15678K [0x00000000e0000000, 0x0000000100000000)
  region size 1024K, 3 young (3072K), 3 survivors (3072K)
 Metaspace       used 12064K, capacity 12506K, committed 12800K, reserved 266240K
  class space    used 1608K, capacity 1751K, committed 1792K, reserved 253952K
}
Event: 3,488 GC heap before
{Heap before GC invocations=4 (full 0):
 garbage-first heap   total 264192K, used 67902K [0x00000000e0000000, 0x0000000100000000)
  region size 1024K, 54 young (55296K), 3 survivors (3072K)
 Metaspace       used 18586K, capacity 19166K, committed 19584K, reserved 272384K
  class space    used 2649K, capacity 2850K, committed 2944K, reserved 253952K
}
Event: 3,510 GC heap after
{Heap after GC invocations=5 (full 0):
 garbage-first heap   total 264192K, used 17773K [0x00000000e0000000, 0x0000000100000000)
  region size 1024K, 5 young (5120K), 5 survivors (5120K)
 Metaspace       used 18586K, capacity 19166K, committed 19584K, reserved 272384K
  class space    used 2649K, capacity 2850K, committed 2944K, reserved 253952K
}
Event: 3,933 GC heap before
{Heap before GC invocations=5 (full 0):
 garbage-first heap   total 264192K, used 36205K [0x00000000e0000000, 0x0000000100000000)
  region size 1024K, 24 young (24576K), 5 survivors (5120K)
 Metaspace       used 20577K, capacity 21139K, committed 21296K, reserved 272384K
  class space    used 2964K, capacity 3189K, committed 3200K, reserved 253952K
}
Event: 3,951 GC heap after
{Heap after GC invocations=6 (full 0):
 garbage-first heap   total 264192K, used 18520K [0x00000000e0000000, 0x0000000100000000)
  region size 1024K, 6 young (6144K), 6 survivors (6144K)
 Metaspace       used 20577K, capacity 21139K, committed 21296K, reserved 272384K
  class space    used 2964K, capacity 3189K, committed 3200K, reserved 253952K
}
Event: 5,922 GC heap before
{Heap before GC invocations=7 (full 0):
 garbage-first heap   total 264192K, used 98392K [0x00000000e0000000, 0x0000000100000000)
  region size 1024K, 82 young (83968K), 6 survivors (6144K)
 Metaspace       used 30954K, capacity 31850K, committed 32048K, reserved 282624K
  class space    used 4186K, capacity 4480K, committed 4480K, reserved 253952K
}
Event: 5,951 GC heap after
{Heap after GC invocations=8 (full 0):
 garbage-first heap   total 264192K, used 24213K [0x00000000e0000000, 0x0000000100000000)
  region size 1024K, 11 young (11264K), 11 survivors (11264K)
 Metaspace       used 30954K, capacity 31850K, committed 32048K, reserved 282624K
  class space    used 4186K, capacity 4480K, committed 4480K, reserved 253952K
}
Event: 6,901 GC heap before
{Heap before GC invocations=8 (full 0):
 garbage-first heap   total 264192K, used 70293K [0x00000000e0000000, 0x0000000100000000)
  region size 1024K, 57 young (58368K), 11 survivors (11264K)
 Metaspace       used 34753K, capacity 35732K, committed 35888K, reserved 284672K
  class space    used 4760K, capacity 5130K, committed 5248K, reserved 253952K
}
Event: 6,938 GC heap after
{Heap after GC invocations=9 (full 0):
 garbage-first heap   total 264192K, used 27070K [0x00000000e0000000, 0x0000000100000000)
  region size 1024K, 12 young (12288K), 12 survivors (12288K)
 Metaspace       used 34753K, capacity 35732K, committed 35888K, reserved 284672K
  class space    used 4760K, capacity 5130K, committed 5248K, reserved 253952K
}
Event: 10,322 GC heap before
{Heap before GC invocations=10 (full 0):
 garbage-first heap   total 264192K, used 139710K [0x00000000e0000000, 0x0000000100000000)
  region size 1024K, 122 young (124928K), 12 survivors (12288K)
 Metaspace       used 42355K, capacity 43780K, committed 44080K, reserved 292864K
  class space    used 5962K, capacity 6507K, committed 6528K, reserved 253952K
}
Event: 10,355 GC heap after
{Heap after GC invocations=11 (full 0):
 garbage-first heap   total 264192K, used 35174K [0x00000000e0000000, 0x0000000100000000)
  region size 1024K, 16 young (16384K), 16 survivors (16384K)
 Metaspace       used 42355K, capacity 43780K, committed 44080K, reserved 292864K
  class space    used 5962K, capacity 6507K, committed 6528K, reserved 253952K
}
Event: 12,495 GC heap before
{Heap before GC invocations=11 (full 0):
 garbage-first heap   total 264192K, used 166246K [0x00000000e0000000, 0x0000000100000000)
  region size 1024K, 144 young (147456K), 16 survivors (16384K)
 Metaspace       used 44517K, capacity 45937K, committed 46256K, reserved 294912K
  class space    used 6077K, capacity 6599K, committed 6656K, reserved 253952K
}
Event: 12,544 GC heap after
{Heap after GC invocations=12 (full 0):
 garbage-first heap   total 264192K, used 43119K [0x00000000e0000000, 0x0000000100000000)
  region size 1024K, 16 young (16384K), 16 survivors (16384K)
 Metaspace       used 44517K, capacity 45937K, committed 46256K, reserved 294912K
  class space    used 6077K, capacity 6599K, committed 6656K, reserved 253952K
}
Event: 15,159 GC heap before
{Heap before GC invocations=12 (full 0):
 garbage-first heap   total 264192K, used 179311K [0x00000000e0000000, 0x0000000100000000)
  region size 1024K, 148 young (151552K), 16 survivors (16384K)
 Metaspace       used 47677K, capacity 49129K, committed 49200K, reserved 296960K
  class space    used 6478K, capacity 7037K, committed 7040K, reserved 253952K
}
Event: 15,219 GC heap after
{Heap after GC invocations=13 (full 0):
 garbage-first heap   total 264192K, used 61446K [0x00000000e0000000, 0x0000000100000000)
  region size 1024K, 19 young (19456K), 19 survivors (19456K)
 Metaspace       used 47677K, capacity 49129K, committed 49200K, reserved 296960K
  class space    used 6478K, capacity 7037K, committed 7040K, reserved 253952K
}
Event: 18,233 GC heap before
{Heap before GC invocations=13 (full 0):
 garbage-first heap   total 264192K, used 188422K [0x00000000e0000000, 0x0000000100000000)
  region size 1024K, 143 young (146432K), 19 survivors (19456K)
 Metaspace       used 53826K, capacity 55560K, committed 55728K, reserved 303104K
  class space    used 7207K, capacity 7832K, committed 7936K, reserved 253952K
}
Event: 18,276 GC heap after
{Heap after GC invocations=14 (full 0):
 garbage-first heap   total 264192K, used 77512K [0x00000000e0000000, 0x0000000100000000)
  region size 1024K, 15 young (15360K), 15 survivors (15360K)
 Metaspace       used 53826K, capacity 55560K, committed 55728K, reserved 303104K
  class space    used 7207K, capacity 7832K, committed 7936K, reserved 253952K
}

